<?xml version="1.0" encoding="UTF-8"?>
<testsuite name="com.nebula.gateway.filter.CorrelationIdFilterTest" tests="2" skipped="0" failures="0" errors="0" timestamp="2026-02-26T12:22:51" hostname="ajays-mbp.lan" time="0.014">
  <properties/>
  <testcase name="shouldInjectNewCorrelationIdWhenNotPresent()" classname="com.nebula.gateway.filter.CorrelationIdFilterTest" time="0.012"/>
  <testcase name="shouldKeepExistingCorrelationIdWhenPresent()" classname="com.nebula.gateway.filter.CorrelationIdFilterTest" time="0.001"/>
  <system-out><![CDATA[]]></system-out>
  <system-err><![CDATA[]]></system-err>
</testsuite>
